ddr3_dimm_micron_sim.sh - Script generated by export_simulation (Vivado v2021.2 (64-bit)-id)

Vivado Simulator v2021.2
Copyright 1986-1999, 2001-2021 Xilinx, Inc. All Rights Reserved.
Running: /tools/Xilinx/Vivado/2021.2/bin/unwrapped/lnx64.o/xelab --incr --debug typical --relax --mt auto -L xil_defaultlib -L uvm -L unisims_ver -L unimacro_ver -L secureip --snapshot ddr3_dimm_micron_sim xil_defaultlib.ddr3_dimm_micron_sim xil_defaultlib.glbl -log elaborate.log 
Starting static elaboration
Pass Through NonSizing Optimizer
WARNING: [VRFC 10-3091] actual bit length 32 differs from formal bit length 1 for port 'OCE' [/home/angelo/Desktop/switch_fpga/DDR3_Controller/rtl/ddr3_phy.v:204]
WARNING: [VRFC 10-3091] actual bit length 32 differs from formal bit length 1 for port 'OCE' [/home/angelo/Desktop/switch_fpga/DDR3_Controller/rtl/ddr3_phy.v:135]
WARNING: [VRFC 10-3091] actual bit length 32 differs from formal bit length 1 for port 'CE' [/home/angelo/Desktop/switch_fpga/DDR3_Controller/rtl/ddr3_phy.v:156]
WARNING: [VRFC 10-3091] actual bit length 32 differs from formal bit length 1 for port 'CINVCTRL' [/home/angelo/Desktop/switch_fpga/DDR3_Controller/rtl/ddr3_phy.v:157]
WARNING: [VRFC 10-3091] actual bit length 32 differs from formal bit length 1 for port 'CLKIN' [/home/angelo/Desktop/switch_fpga/DDR3_Controller/rtl/ddr3_phy.v:158]
WARNING: [VRFC 10-3091] actual bit length 32 differs from formal bit length 5 for port 'CNTVALUEIN' [/home/angelo/Desktop/switch_fpga/DDR3_Controller/rtl/ddr3_phy.v:159]
WARNING: [VRFC 10-3091] actual bit length 32 differs from formal bit length 1 for port 'INC' [/home/angelo/Desktop/switch_fpga/DDR3_Controller/rtl/ddr3_phy.v:160]
WARNING: [VRFC 10-3091] actual bit length 32 differs from formal bit length 1 for port 'LD' [/home/angelo/Desktop/switch_fpga/DDR3_Controller/rtl/ddr3_phy.v:161]
WARNING: [VRFC 10-3091] actual bit length 32 differs from formal bit length 1 for port 'LDPIPEEN' [/home/angelo/Desktop/switch_fpga/DDR3_Controller/rtl/ddr3_phy.v:163]
WARNING: [VRFC 10-3091] actual bit length 32 differs from formal bit length 1 for port 'REGRST' [/home/angelo/Desktop/switch_fpga/DDR3_Controller/rtl/ddr3_phy.v:165]
WARNING: [VRFC 10-3091] actual bit length 32 differs from formal bit length 1 for port 'OCE' [/home/angelo/Desktop/switch_fpga/DDR3_Controller/rtl/ddr3_phy.v:250]
WARNING: [VRFC 10-3091] actual bit length 32 differs from formal bit length 1 for port 'CINVCTRL' [/home/angelo/Desktop/switch_fpga/DDR3_Controller/rtl/ddr3_phy.v:275]
WARNING: [VRFC 10-3091] actual bit length 32 differs from formal bit length 1 for port 'CLKIN' [/home/angelo/Desktop/switch_fpga/DDR3_Controller/rtl/ddr3_phy.v:276]
WARNING: [VRFC 10-3091] actual bit length 32 differs from formal bit length 1 for port 'LDPIPEEN' [/home/angelo/Desktop/switch_fpga/DDR3_Controller/rtl/ddr3_phy.v:281]
WARNING: [VRFC 10-3091] actual bit length 32 differs from formal bit length 1 for port 'REGRST' [/home/angelo/Desktop/switch_fpga/DDR3_Controller/rtl/ddr3_phy.v:283]
WARNING: [VRFC 10-3091] actual bit length 32 differs from formal bit length 1 for port 'CINVCTRL' [/home/angelo/Desktop/switch_fpga/DDR3_Controller/rtl/ddr3_phy.v:319]
WARNING: [VRFC 10-3091] actual bit length 32 differs from formal bit length 1 for port 'LDPIPEEN' [/home/angelo/Desktop/switch_fpga/DDR3_Controller/rtl/ddr3_phy.v:325]
WARNING: [VRFC 10-3091] actual bit length 32 differs from formal bit length 1 for port 'REGRST' [/home/angelo/Desktop/switch_fpga/DDR3_Controller/rtl/ddr3_phy.v:326]
WARNING: [VRFC 10-3091] actual bit length 32 differs from formal bit length 1 for port 'CE1' [/home/angelo/Desktop/switch_fpga/DDR3_Controller/rtl/ddr3_phy.v:374]
WARNING: [VRFC 10-3091] actual bit length 32 differs from formal bit length 1 for port 'CE2' [/home/angelo/Desktop/switch_fpga/DDR3_Controller/rtl/ddr3_phy.v:375]
WARNING: [VRFC 10-3091] actual bit length 32 differs from formal bit length 1 for port 'TCE' [/home/angelo/Desktop/switch_fpga/DDR3_Controller/rtl/ddr3_phy.v:426]
WARNING: [VRFC 10-3091] actual bit length 32 differs from formal bit length 1 for port 'OCE' [/home/angelo/Desktop/switch_fpga/DDR3_Controller/rtl/ddr3_phy.v:427]
WARNING: [VRFC 10-3091] actual bit length 32 differs from formal bit length 1 for port 'CINVCTRL' [/home/angelo/Desktop/switch_fpga/DDR3_Controller/rtl/ddr3_phy.v:452]
WARNING: [VRFC 10-3091] actual bit length 32 differs from formal bit length 1 for port 'CLKIN' [/home/angelo/Desktop/switch_fpga/DDR3_Controller/rtl/ddr3_phy.v:453]
WARNING: [VRFC 10-3091] actual bit length 32 differs from formal bit length 1 for port 'LDPIPEEN' [/home/angelo/Desktop/switch_fpga/DDR3_Controller/rtl/ddr3_phy.v:458]
WARNING: [VRFC 10-3091] actual bit length 32 differs from formal bit length 1 for port 'REGRST' [/home/angelo/Desktop/switch_fpga/DDR3_Controller/rtl/ddr3_phy.v:460]
WARNING: [VRFC 10-3091] actual bit length 32 differs from formal bit length 1 for port 'CE' [/home/angelo/Desktop/switch_fpga/DDR3_Controller/rtl/ddr3_phy.v:497]
WARNING: [VRFC 10-3091] actual bit length 32 differs from formal bit length 1 for port 'CINVCTRL' [/home/angelo/Desktop/switch_fpga/DDR3_Controller/rtl/ddr3_phy.v:498]
WARNING: [VRFC 10-3091] actual bit length 32 differs from formal bit length 1 for port 'CLKIN' [/home/angelo/Desktop/switch_fpga/DDR3_Controller/rtl/ddr3_phy.v:499]
WARNING: [VRFC 10-3091] actual bit length 32 differs from formal bit length 1 for port 'INC' [/home/angelo/Desktop/switch_fpga/DDR3_Controller/rtl/ddr3_phy.v:501]
WARNING: [VRFC 10-3091] actual bit length 32 differs from formal bit length 1 for port 'LDPIPEEN' [/home/angelo/Desktop/switch_fpga/DDR3_Controller/rtl/ddr3_phy.v:504]
WARNING: [VRFC 10-3091] actual bit length 32 differs from formal bit length 1 for port 'REGRST' [/home/angelo/Desktop/switch_fpga/DDR3_Controller/rtl/ddr3_phy.v:506]
WARNING: [VRFC 10-3091] actual bit length 32 differs from formal bit length 1 for port 'OCE' [/home/angelo/Desktop/switch_fpga/DDR3_Controller/rtl/ddr3_phy.v:536]
WARNING: [VRFC 10-3091] actual bit length 32 differs from formal bit length 1 for port 'CE' [/home/angelo/Desktop/switch_fpga/DDR3_Controller/rtl/ddr3_phy.v:575]
WARNING: [VRFC 10-3091] actual bit length 32 differs from formal bit length 1 for port 'CINVCTRL' [/home/angelo/Desktop/switch_fpga/DDR3_Controller/rtl/ddr3_phy.v:576]
WARNING: [VRFC 10-3091] actual bit length 32 differs from formal bit length 1 for port 'INC' [/home/angelo/Desktop/switch_fpga/DDR3_Controller/rtl/ddr3_phy.v:580]
WARNING: [VRFC 10-3091] actual bit length 32 differs from formal bit length 1 for port 'LDPIPEEN' [/home/angelo/Desktop/switch_fpga/DDR3_Controller/rtl/ddr3_phy.v:582]
WARNING: [VRFC 10-3091] actual bit length 32 differs from formal bit length 1 for port 'REGRST' [/home/angelo/Desktop/switch_fpga/DDR3_Controller/rtl/ddr3_phy.v:583]
WARNING: [VRFC 10-3091] actual bit length 32 differs from formal bit length 1 for port 'CE1' [/home/angelo/Desktop/switch_fpga/DDR3_Controller/rtl/ddr3_phy.v:631]
WARNING: [VRFC 10-3091] actual bit length 32 differs from formal bit length 1 for port 'CE2' [/home/angelo/Desktop/switch_fpga/DDR3_Controller/rtl/ddr3_phy.v:632]
WARNING: [VRFC 10-3091] actual bit length 32 differs from formal bit length 1 for port 'CE1' [/home/angelo/Desktop/switch_fpga/DDR3_Controller/rtl/ddr3_phy.v:700]
WARNING: [VRFC 10-3091] actual bit length 32 differs from formal bit length 1 for port 'CE2' [/home/angelo/Desktop/switch_fpga/DDR3_Controller/rtl/ddr3_phy.v:701]
WARNING: [VRFC 10-3091] actual bit length 32 differs from formal bit length 1 for port 'OCE' [/home/angelo/Desktop/switch_fpga/DDR3_Controller/rtl/ddr3_phy.v:747]
WARNING: [VRFC 10-3091] actual bit length 1 differs from formal bit length 2 for port 'ck' [/home/angelo/Desktop/switch_fpga/DDR3_Controller/testbench/ddr3_dimm_micron_sim.v:163]
WARNING: [VRFC 10-3091] actual bit length 1 differs from formal bit length 2 for port 'ck_n' [/home/angelo/Desktop/switch_fpga/DDR3_Controller/testbench/ddr3_dimm_micron_sim.v:164]
WARNING: [VRFC 10-3091] actual bit length 1 differs from formal bit length 2 for port 'cke' [/home/angelo/Desktop/switch_fpga/DDR3_Controller/testbench/ddr3_dimm_micron_sim.v:165]
WARNING: [VRFC 10-3091] actual bit length 1 differs from formal bit length 2 for port 's_n' [/home/angelo/Desktop/switch_fpga/DDR3_Controller/testbench/ddr3_dimm_micron_sim.v:166]
WARNING: [VRFC 10-3091] actual bit length 14 differs from formal bit length 16 for port 'addr' [/home/angelo/Desktop/switch_fpga/DDR3_Controller/testbench/ddr3_dimm_micron_sim.v:171]
WARNING: [VRFC 10-3091] actual bit length 1 differs from formal bit length 2 for port 'odt' [/home/angelo/Desktop/switch_fpga/DDR3_Controller/testbench/ddr3_dimm_micron_sim.v:172]
WARNING: [VRFC 10-3091] actual bit length 8 differs from formal bit length 18 for port 'dqs' [/home/angelo/Desktop/switch_fpga/DDR3_Controller/testbench/ddr3_dimm_micron_sim.v:173]
WARNING: [VRFC 10-3091] actual bit length 8 differs from formal bit length 18 for port 'dqs_n' [/home/angelo/Desktop/switch_fpga/DDR3_Controller/testbench/ddr3_dimm_micron_sim.v:174]
WARNING: [VRFC 10-3091] actual bit length 16 differs from formal bit length 14 for port 'addr' [/home/angelo/Desktop/switch_fpga/DDR3_Controller/testbench/ddr3_dimm.v:203]
WARNING: [VRFC 10-3091] actual bit length 16 differs from formal bit length 14 for port 'addr' [/home/angelo/Desktop/switch_fpga/DDR3_Controller/testbench/ddr3_dimm.v:204]
WARNING: [VRFC 10-3091] actual bit length 16 differs from formal bit length 14 for port 'addr' [/home/angelo/Desktop/switch_fpga/DDR3_Controller/testbench/ddr3_dimm.v:205]
WARNING: [VRFC 10-3091] actual bit length 16 differs from formal bit length 14 for port 'addr' [/home/angelo/Desktop/switch_fpga/DDR3_Controller/testbench/ddr3_dimm.v:206]
WARNING: [VRFC 10-3091] actual bit length 16 differs from formal bit length 14 for port 'addr' [/home/angelo/Desktop/switch_fpga/DDR3_Controller/testbench/ddr3_dimm.v:207]
WARNING: [VRFC 10-3091] actual bit length 16 differs from formal bit length 14 for port 'addr' [/home/angelo/Desktop/switch_fpga/DDR3_Controller/testbench/ddr3_dimm.v:208]
WARNING: [VRFC 10-3091] actual bit length 16 differs from formal bit length 14 for port 'addr' [/home/angelo/Desktop/switch_fpga/DDR3_Controller/testbench/ddr3_dimm.v:209]
WARNING: [VRFC 10-3091] actual bit length 16 differs from formal bit length 14 for port 'addr' [/home/angelo/Desktop/switch_fpga/DDR3_Controller/testbench/ddr3_dimm.v:210]
WARNING: [VRFC 10-5021] port 'scl' is not connected on this instance [/home/angelo/Desktop/switch_fpga/DDR3_Controller/testbench/ddr3_dimm_micron_sim.v:161]
WARNING: [VRFC 10-5021] port 'i_controller_dm' is not connected on this instance [/home/angelo/Desktop/switch_fpga/DDR3_Controller/rtl/ddr3_top.v:119]
Completed static elaboration
Starting simulation data flow analysis
WARNING: [XSIM 43-4099] "/home/angelo/Desktop/switch_fpga/DDR3_Controller/rtl/ddr3_top.v" Line 3. Module ddr3_top(CONTROLLER_CLK_PERIOD=10.0,OPT_LOWPOWER=1'b1,OPT_BUS_ABORT=1'b1) doesn't have a timescale but at least one module in design has a timescale.
WARNING: [XSIM 43-4099] "/home/angelo/Desktop/switch_fpga/DDR3_Controller/rtl/ddr3_controller.v" Line 37. Module ddr3_controller(CONTROLLER_CLK_PERIOD=10.0,OPT_LOWPOWER=1'b1,OPT_BUS_ABORT=1'b1) doesn't have a timescale but at least one module in design has a timescale.
WARNING: [XSIM 43-4099] "/home/angelo/Desktop/switch_fpga/DDR3_Controller/rtl/ddr3_phy.v" Line 3. Module ddr3_phy(CONTROLLER_CLK_PERIOD=10.0,DDR3_CLK_PERIOD=2.5) doesn't have a timescale but at least one module in design has a timescale.
WARNING: [XSIM 43-4099] "/home/angelo/Desktop/switch_fpga/DDR3_Controller/rtl/ddr3_top.v" Line 3. Module ddr3_top(CONTROLLER_CLK_PERIOD=10.0,OPT_LOWPOWER=1'b1,OPT_BUS_ABORT=1'b1) doesn't have a timescale but at least one module in design has a timescale.
WARNING: [XSIM 43-4099] "/home/angelo/Desktop/switch_fpga/DDR3_Controller/rtl/ddr3_controller.v" Line 37. Module ddr3_controller(CONTROLLER_CLK_PERIOD=10.0,OPT_LOWPOWER=1'b1,OPT_BUS_ABORT=1'b1) doesn't have a timescale but at least one module in design has a timescale.
WARNING: [XSIM 43-4099] "/home/angelo/Desktop/switch_fpga/DDR3_Controller/rtl/ddr3_phy.v" Line 3. Module ddr3_phy(CONTROLLER_CLK_PERIOD=10.0,DDR3_CLK_PERIOD=2.5) doesn't have a timescale but at least one module in design has a timescale.
Completed simulation data flow analysis
ERROR: [XSIM 43-3315] Signal SIGINT received.
