ddr3_dimm_micron_sim.sh - Script generated by export_simulation (Vivado v2021.2 (64-bit)-id)

INFO: [VRFC 10-2263] Analyzing SystemVerilog file "/home/angelo/Desktop/switch_fpga/DDR3_Controller/testbench/ddr3.v" into library xil_defaultlib
INFO: [VRFC 10-311] analyzing module ddr3
INFO: [VRFC 10-2263] Analyzing SystemVerilog file "/home/angelo/Desktop/switch_fpga/DDR3_Controller/testbench/ddr3_dimm.v" into library xil_defaultlib
INFO: [VRFC 10-311] analyzing module ddr3_dimm
INFO: [VRFC 10-2263] Analyzing SystemVerilog file "/home/angelo/Desktop/switch_fpga/DDR3_Controller/testbench/ddr3_dimm_micron_sim.v" into library xil_defaultlib
INFO: [VRFC 10-311] analyzing module ddr3_dimm_micron_sim
Vivado Simulator v2021.2
Copyright 1986-1999, 2001-2021 Xilinx, Inc. All Rights Reserved.
Running: /tools/Xilinx/Vivado/2021.2/bin/unwrapped/lnx64.o/xelab --incr --debug typical --relax --mt auto -L xil_defaultlib -L uvm -L unisims_ver -L unimacro_ver -L secureip --snapshot ddr3_dimm_micron_sim xil_defaultlib.ddr3_dimm_micron_sim xil_defaultlib.glbl -log elaborate.log 
Starting static elaboration
Pass Through NonSizing Optimizer
WARNING: [VRFC 10-3091] actual bit length 32 differs from formal bit length 1 for port 'OCE' [/home/angelo/Desktop/switch_fpga/DDR3_Controller/rtl/ddr3_phy.v:204]
WARNING: [VRFC 10-3091] actual bit length 32 differs from formal bit length 1 for port 'OCE' [/home/angelo/Desktop/switch_fpga/DDR3_Controller/rtl/ddr3_phy.v:135]
WARNING: [VRFC 10-3091] actual bit length 32 differs from formal bit length 1 for port 'CE' [/home/angelo/Desktop/switch_fpga/DDR3_Controller/rtl/ddr3_phy.v:156]
WARNING: [VRFC 10-3091] actual bit length 32 differs from formal bit length 1 for port 'CINVCTRL' [/home/angelo/Desktop/switch_fpga/DDR3_Controller/rtl/ddr3_phy.v:157]
WARNING: [VRFC 10-3091] actual bit length 32 differs from formal bit length 1 for port 'CLKIN' [/home/angelo/Desktop/switch_fpga/DDR3_Controller/rtl/ddr3_phy.v:158]
WARNING: [VRFC 10-3091] actual bit length 32 differs from formal bit length 5 for port 'CNTVALUEIN' [/home/angelo/Desktop/switch_fpga/DDR3_Controller/rtl/ddr3_phy.v:159]
WARNING: [VRFC 10-3091] actual bit length 32 differs from formal bit length 1 for port 'INC' [/home/angelo/Desktop/switch_fpga/DDR3_Controller/rtl/ddr3_phy.v:160]
WARNING: [VRFC 10-3091] actual bit length 32 differs from formal bit length 1 for port 'LD' [/home/angelo/Desktop/switch_fpga/DDR3_Controller/rtl/ddr3_phy.v:161]
WARNING: [VRFC 10-3091] actual bit length 32 differs from formal bit length 1 for port 'LDPIPEEN' [/home/angelo/Desktop/switch_fpga/DDR3_Controller/rtl/ddr3_phy.v:163]
WARNING: [VRFC 10-3091] actual bit length 32 differs from formal bit length 1 for port 'REGRST' [/home/angelo/Desktop/switch_fpga/DDR3_Controller/rtl/ddr3_phy.v:165]
WARNING: [VRFC 10-3091] actual bit length 32 differs from formal bit length 1 for port 'OCE' [/home/angelo/Desktop/switch_fpga/DDR3_Controller/rtl/ddr3_phy.v:250]
WARNING: [VRFC 10-3091] actual bit length 32 differs from formal bit length 1 for port 'CINVCTRL' [/home/angelo/Desktop/switch_fpga/DDR3_Controller/rtl/ddr3_phy.v:275]
WARNING: [VRFC 10-3091] actual bit length 32 differs from formal bit length 1 for port 'CLKIN' [/home/angelo/Desktop/switch_fpga/DDR3_Controller/rtl/ddr3_phy.v:276]
WARNING: [VRFC 10-3091] actual bit length 32 differs from formal bit length 1 for port 'LDPIPEEN' [/home/angelo/Desktop/switch_fpga/DDR3_Controller/rtl/ddr3_phy.v:281]
WARNING: [VRFC 10-3091] actual bit length 32 differs from formal bit length 1 for port 'REGRST' [/home/angelo/Desktop/switch_fpga/DDR3_Controller/rtl/ddr3_phy.v:283]
WARNING: [VRFC 10-3091] actual bit length 32 differs from formal bit length 1 for port 'CINVCTRL' [/home/angelo/Desktop/switch_fpga/DDR3_Controller/rtl/ddr3_phy.v:319]
WARNING: [VRFC 10-3091] actual bit length 32 differs from formal bit length 1 for port 'LDPIPEEN' [/home/angelo/Desktop/switch_fpga/DDR3_Controller/rtl/ddr3_phy.v:325]
WARNING: [VRFC 10-3091] actual bit length 32 differs from formal bit length 1 for port 'REGRST' [/home/angelo/Desktop/switch_fpga/DDR3_Controller/rtl/ddr3_phy.v:326]
WARNING: [VRFC 10-3091] actual bit length 32 differs from formal bit length 1 for port 'CE1' [/home/angelo/Desktop/switch_fpga/DDR3_Controller/rtl/ddr3_phy.v:374]
WARNING: [VRFC 10-3091] actual bit length 32 differs from formal bit length 1 for port 'CE2' [/home/angelo/Desktop/switch_fpga/DDR3_Controller/rtl/ddr3_phy.v:375]
WARNING: [VRFC 10-3091] actual bit length 32 differs from formal bit length 1 for port 'TCE' [/home/angelo/Desktop/switch_fpga/DDR3_Controller/rtl/ddr3_phy.v:426]
WARNING: [VRFC 10-3091] actual bit length 32 differs from formal bit length 1 for port 'OCE' [/home/angelo/Desktop/switch_fpga/DDR3_Controller/rtl/ddr3_phy.v:427]
WARNING: [VRFC 10-3091] actual bit length 32 differs from formal bit length 1 for port 'CINVCTRL' [/home/angelo/Desktop/switch_fpga/DDR3_Controller/rtl/ddr3_phy.v:452]
WARNING: [VRFC 10-3091] actual bit length 32 differs from formal bit length 1 for port 'CLKIN' [/home/angelo/Desktop/switch_fpga/DDR3_Controller/rtl/ddr3_phy.v:453]
WARNING: [VRFC 10-3091] actual bit length 32 differs from formal bit length 1 for port 'LDPIPEEN' [/home/angelo/Desktop/switch_fpga/DDR3_Controller/rtl/ddr3_phy.v:458]
WARNING: [VRFC 10-3091] actual bit length 32 differs from formal bit length 1 for port 'REGRST' [/home/angelo/Desktop/switch_fpga/DDR3_Controller/rtl/ddr3_phy.v:460]
WARNING: [VRFC 10-3091] actual bit length 32 differs from formal bit length 1 for port 'CE' [/home/angelo/Desktop/switch_fpga/DDR3_Controller/rtl/ddr3_phy.v:497]
WARNING: [VRFC 10-3091] actual bit length 32 differs from formal bit length 1 for port 'CINVCTRL' [/home/angelo/Desktop/switch_fpga/DDR3_Controller/rtl/ddr3_phy.v:498]
WARNING: [VRFC 10-3091] actual bit length 32 differs from formal bit length 1 for port 'CLKIN' [/home/angelo/Desktop/switch_fpga/DDR3_Controller/rtl/ddr3_phy.v:499]
WARNING: [VRFC 10-3091] actual bit length 32 differs from formal bit length 1 for port 'INC' [/home/angelo/Desktop/switch_fpga/DDR3_Controller/rtl/ddr3_phy.v:501]
WARNING: [VRFC 10-3091] actual bit length 32 differs from formal bit length 1 for port 'LDPIPEEN' [/home/angelo/Desktop/switch_fpga/DDR3_Controller/rtl/ddr3_phy.v:504]
WARNING: [VRFC 10-3091] actual bit length 32 differs from formal bit length 1 for port 'REGRST' [/home/angelo/Desktop/switch_fpga/DDR3_Controller/rtl/ddr3_phy.v:506]
WARNING: [VRFC 10-3091] actual bit length 32 differs from formal bit length 1 for port 'OCE' [/home/angelo/Desktop/switch_fpga/DDR3_Controller/rtl/ddr3_phy.v:536]
WARNING: [VRFC 10-3091] actual bit length 32 differs from formal bit length 1 for port 'CE' [/home/angelo/Desktop/switch_fpga/DDR3_Controller/rtl/ddr3_phy.v:575]
WARNING: [VRFC 10-3091] actual bit length 32 differs from formal bit length 1 for port 'CINVCTRL' [/home/angelo/Desktop/switch_fpga/DDR3_Controller/rtl/ddr3_phy.v:576]
WARNING: [VRFC 10-3091] actual bit length 32 differs from formal bit length 1 for port 'INC' [/home/angelo/Desktop/switch_fpga/DDR3_Controller/rtl/ddr3_phy.v:580]
WARNING: [VRFC 10-3091] actual bit length 32 differs from formal bit length 1 for port 'LDPIPEEN' [/home/angelo/Desktop/switch_fpga/DDR3_Controller/rtl/ddr3_phy.v:582]
WARNING: [VRFC 10-3091] actual bit length 32 differs from formal bit length 1 for port 'REGRST' [/home/angelo/Desktop/switch_fpga/DDR3_Controller/rtl/ddr3_phy.v:583]
WARNING: [VRFC 10-3091] actual bit length 32 differs from formal bit length 1 for port 'CE1' [/home/angelo/Desktop/switch_fpga/DDR3_Controller/rtl/ddr3_phy.v:631]
WARNING: [VRFC 10-3091] actual bit length 32 differs from formal bit length 1 for port 'CE2' [/home/angelo/Desktop/switch_fpga/DDR3_Controller/rtl/ddr3_phy.v:632]
WARNING: [VRFC 10-3091] actual bit length 32 differs from formal bit length 1 for port 'CE1' [/home/angelo/Desktop/switch_fpga/DDR3_Controller/rtl/ddr3_phy.v:700]
WARNING: [VRFC 10-3091] actual bit length 32 differs from formal bit length 1 for port 'CE2' [/home/angelo/Desktop/switch_fpga/DDR3_Controller/rtl/ddr3_phy.v:701]
WARNING: [VRFC 10-3091] actual bit length 32 differs from formal bit length 1 for port 'OCE' [/home/angelo/Desktop/switch_fpga/DDR3_Controller/rtl/ddr3_phy.v:747]
WARNING: [VRFC 10-3091] actual bit length 1 differs from formal bit length 2 for port 'ck' [/home/angelo/Desktop/switch_fpga/DDR3_Controller/testbench/ddr3_dimm_micron_sim.v:163]
WARNING: [VRFC 10-3091] actual bit length 1 differs from formal bit length 2 for port 'ck_n' [/home/angelo/Desktop/switch_fpga/DDR3_Controller/testbench/ddr3_dimm_micron_sim.v:164]
WARNING: [VRFC 10-3091] actual bit length 1 differs from formal bit length 2 for port 'cke' [/home/angelo/Desktop/switch_fpga/DDR3_Controller/testbench/ddr3_dimm_micron_sim.v:165]
WARNING: [VRFC 10-3091] actual bit length 1 differs from formal bit length 2 for port 's_n' [/home/angelo/Desktop/switch_fpga/DDR3_Controller/testbench/ddr3_dimm_micron_sim.v:166]
WARNING: [VRFC 10-3091] actual bit length 14 differs from formal bit length 16 for port 'addr' [/home/angelo/Desktop/switch_fpga/DDR3_Controller/testbench/ddr3_dimm_micron_sim.v:171]
WARNING: [VRFC 10-3091] actual bit length 1 differs from formal bit length 2 for port 'odt' [/home/angelo/Desktop/switch_fpga/DDR3_Controller/testbench/ddr3_dimm_micron_sim.v:172]
WARNING: [VRFC 10-3091] actual bit length 8 differs from formal bit length 18 for port 'dqs' [/home/angelo/Desktop/switch_fpga/DDR3_Controller/testbench/ddr3_dimm_micron_sim.v:173]
WARNING: [VRFC 10-3091] actual bit length 8 differs from formal bit length 18 for port 'dqs_n' [/home/angelo/Desktop/switch_fpga/DDR3_Controller/testbench/ddr3_dimm_micron_sim.v:174]
WARNING: [VRFC 10-3091] actual bit length 16 differs from formal bit length 14 for port 'addr' [/home/angelo/Desktop/switch_fpga/DDR3_Controller/testbench/ddr3_dimm.v:203]
WARNING: [VRFC 10-3091] actual bit length 16 differs from formal bit length 14 for port 'addr' [/home/angelo/Desktop/switch_fpga/DDR3_Controller/testbench/ddr3_dimm.v:204]
WARNING: [VRFC 10-3091] actual bit length 16 differs from formal bit length 14 for port 'addr' [/home/angelo/Desktop/switch_fpga/DDR3_Controller/testbench/ddr3_dimm.v:205]
WARNING: [VRFC 10-3091] actual bit length 16 differs from formal bit length 14 for port 'addr' [/home/angelo/Desktop/switch_fpga/DDR3_Controller/testbench/ddr3_dimm.v:206]
WARNING: [VRFC 10-3091] actual bit length 16 differs from formal bit length 14 for port 'addr' [/home/angelo/Desktop/switch_fpga/DDR3_Controller/testbench/ddr3_dimm.v:207]
WARNING: [VRFC 10-3091] actual bit length 16 differs from formal bit length 14 for port 'addr' [/home/angelo/Desktop/switch_fpga/DDR3_Controller/testbench/ddr3_dimm.v:208]
WARNING: [VRFC 10-3091] actual bit length 16 differs from formal bit length 14 for port 'addr' [/home/angelo/Desktop/switch_fpga/DDR3_Controller/testbench/ddr3_dimm.v:209]
WARNING: [VRFC 10-3091] actual bit length 16 differs from formal bit length 14 for port 'addr' [/home/angelo/Desktop/switch_fpga/DDR3_Controller/testbench/ddr3_dimm.v:210]
WARNING: [VRFC 10-5021] port 'scl' is not connected on this instance [/home/angelo/Desktop/switch_fpga/DDR3_Controller/testbench/ddr3_dimm_micron_sim.v:161]
WARNING: [VRFC 10-5021] port 'i_controller_dm' is not connected on this instance [/home/angelo/Desktop/switch_fpga/DDR3_Controller/rtl/ddr3_top.v:119]
Completed static elaboration
Starting simulation data flow analysis
WARNING: [XSIM 43-4099] "/home/angelo/Desktop/switch_fpga/DDR3_Controller/rtl/ddr3_top.v" Line 3. Module ddr3_top(CONTROLLER_CLK_PERIOD=10.0,OPT_LOWPOWER=1'b1,OPT_BUS_ABORT=1'b1) doesn't have a timescale but at least one module in design has a timescale.
WARNING: [XSIM 43-4099] "/home/angelo/Desktop/switch_fpga/DDR3_Controller/rtl/ddr3_controller.v" Line 37. Module ddr3_controller(CONTROLLER_CLK_PERIOD=10.0,OPT_LOWPOWER=1'b1,OPT_BUS_ABORT=1'b1) doesn't have a timescale but at least one module in design has a timescale.
WARNING: [XSIM 43-4099] "/home/angelo/Desktop/switch_fpga/DDR3_Controller/rtl/ddr3_phy.v" Line 3. Module ddr3_phy(CONTROLLER_CLK_PERIOD=10.0,DDR3_CLK_PERIOD=2.5) doesn't have a timescale but at least one module in design has a timescale.
WARNING: [XSIM 43-4099] "/home/angelo/Desktop/switch_fpga/DDR3_Controller/rtl/ddr3_top.v" Line 3. Module ddr3_top(CONTROLLER_CLK_PERIOD=10.0,OPT_LOWPOWER=1'b1,OPT_BUS_ABORT=1'b1) doesn't have a timescale but at least one module in design has a timescale.
WARNING: [XSIM 43-4099] "/home/angelo/Desktop/switch_fpga/DDR3_Controller/rtl/ddr3_controller.v" Line 37. Module ddr3_controller(CONTROLLER_CLK_PERIOD=10.0,OPT_LOWPOWER=1'b1,OPT_BUS_ABORT=1'b1) doesn't have a timescale but at least one module in design has a timescale.
WARNING: [XSIM 43-4099] "/home/angelo/Desktop/switch_fpga/DDR3_Controller/rtl/ddr3_phy.v" Line 3. Module ddr3_phy(CONTROLLER_CLK_PERIOD=10.0,DDR3_CLK_PERIOD=2.5) doesn't have a timescale but at least one module in design has a timescale.
Completed simulation data flow analysis
Time Resolution for simulation is 1ps
Compiling module xil_defaultlib.ddr3_controller(CONTROLLER_CLK_P...
Compiling module unisims_ver.OSERDESE2(DATA_RATE_OQ="SDR",DAT...
Compiling module unisims_ver.ODELAYE2(HIGH_PERFORMANCE_MODE="...
Compiling module unisims_ver.OSERDESE2(DATA_RATE_TQ="SDR",DAT...
Compiling module unisims_ver.OBUFDS
Compiling module unisims_ver.OSERDESE2(DATA_RATE_TQ="BUF",DAT...
Compiling module unisims_ver.ODELAYE2(HIGH_PERFORMANCE_MODE="...
Compiling module unisims_ver.IOBUF(IOSTANDARD="SSTL15",SLEW="...
Compiling module unisims_ver.IDELAYE2(HIGH_PERFORMANCE_MODE="...
Compiling module unisims_ver.ISERDESE2(DATA_WIDTH=8,INTERFACE...
Compiling module unisims_ver.OBUF(SLEW="FAST")
Compiling module unisims_ver.ODELAYE2(HIGH_PERFORMANCE_MODE="...
Compiling module unisims_ver.OSERDESE2(DATA_RATE_TQ="BUF",DAT...
Compiling module unisims_ver.IOBUFDS(IOSTANDARD="DIFF_SSTL15"...
Compiling module unisims_ver.IDELAYE2(HIGH_PERFORMANCE_MODE="...
Compiling module unisims_ver.ISERDESE2(DATA_WIDTH=8,INTERFACE...
Compiling module unisims_ver.IDELAYCTRL_default
Compiling module xil_defaultlib.ddr3_phy(CONTROLLER_CLK_PERIOD=1...
Compiling module xil_defaultlib.ddr3_top(CONTROLLER_CLK_PERIOD=1...
Compiling module xil_defaultlib.ddr3_default
Compiling module xil_defaultlib.ddr3_dimm_default
Compiling module xil_defaultlib.ddr3_dimm_micron_sim
Compiling module xil_defaultlib.glbl
Built simulation snapshot ddr3_dimm_micron_sim

****** xsim v2021.2 (64-bit)
  **** SW Build 3367213 on Tue Oct 19 02:47:39 MDT 2021
  **** IP Build 3369179 on Thu Oct 21 08:25:16 MDT 2021
    ** Copyright 1986-2021 Xilinx, Inc. All Rights Reserved.

source xsim.dir/ddr3_dimm_micron_sim/xsim_script.tcl
# xsim {ddr3_dimm_micron_sim} -autoloadwcfg -tclbatch {cmd.tcl} -key {Behavioral:sim_1:Functional:ddr3_dimm_micron_sim}
Time resolution is 1 ps
source cmd.tcl
## set curr_wave [current_wave_config]
## if { [string length $curr_wave] == 0 } {
##   if { [llength [get_objects]] > 0} {
##     add_wave /
##     set_property needs_save false [current_wave_config]
##   } else {
##      send_msg_id Add_Wave-1 WARNING "No top level signals found. Simulator will start without a wave window. If you want to open a wave window go to 'File->New Waveform Configuration' or type 'create_wave_config' in the TCL console."
##   }
## }
## run -all
Test ns_to_cycles() function:
	ns_to_cycles(15) = 3 = 2 [exact]
	ns_to_cycles(14.5) = 3 = 2 [round-off]
	ns_to_cycles(11) = 3 = 2 [round-up]

Test nCK_to_cycles() function:
	ns_to_cycles(16) = 4 = 4 [exact]
	ns_to_cycles(15) = 4 = 4 [round-off]
	ns_to_cycles(13) = 4 = 4 [round-up]

Test ns_to_nCK() function:
	ns_to_cycles(15) = 12 = 6 [exact]
	ns_to_cycles(14.875) = 12 = 6 [round-off]
	ns_to_cycles(13.875) = 12 = 6 [round-up]
	ns_to_nCK(tRCD) =  11 = 6 [WRONG]
	tRTP =  7.5 = 10.000000 
	ns_to_nCK(tRTP) =  6= 4.000000 [WRONG]

Test nCK_to_ns() function:
	ns_to_cycles(4)  = 5 = 10 [exact]
	ns_to_cycles(14.875) = 4 = 8 [round-off]
	ns_to_cycles(13.875) = 7 = 13 [round-up]

Test nCK_to_ns() function:
	ns_to_cycles(4)  = 5 = 10 [exact]
	ns_to_cycles(14.875) = 4 = 8 [round-off]
	ns_to_cycles(13.875) = 7 = 13 [round-up]

Test $floor() function:
	$floor(5/2) = 2.5 = 2
	$floor(9/4) = 2.25 = 2
	$floor(9/4) = 2 = 2
	$floor(9/5) = 1.8 = 1


DELAY_COUNTER_WIDTH = 16
DELAY_SLOT_WIDTH = 19
serdes_ratio = 4
wb_addr_bits = 24
wb_data_bits = 512
wb_sel_bits = 64


READ_SLOT = 2
WRITE_SLOT = 3
ACTIVATE_SLOT = 0
PRECHARGE_SLOT = 1


DELAYS:
	ns_to_nCK(tRCD): 6
	ns_to_nCK(tRP): 6
	ns_to_nCK(tRTP): 4
	tCCD: 4
	(CL_nCK + tCCD + 3'd2 - CWL_nCK): 7
	(CWL_nCK + 3'd4 + ns_to_nCK(tWR)): 15
	(CWL_nCK + 3'd4 + ns_to_nCK(tWTR)): 13
	$signed(4'b1100)>>>4: 1111


PRECHARGE_TO_ACTIVATE_DELAY = 3 = 1
ACTIVATE_TO_WRITE_DELAY = 3 = 0
ACTIVATE_TO_READ_DELAY = 2 = 0
READ_TO_WRITE_DELAY = 2 = 1
READ_TO_READ_DELAY = 0 = 0
READ_TO_PRECHARGE_DELAY = 1 =1
WRITE_TO_WRITE_DELAY = 0 = 0
WRITE_TO_READ_DELAY = 4 = 3
WRITE_TO_PRECHARGE_DELAY = 5 = 4
STAGE2_DATA_DEPTH = 2 = 2
READ_ACK_PIPE_WIDTH = 6
ddr3_dimm_micron_sim.ddr3_dimm.U1.file_io_open: at time                    0 WARNING: no +model_data option specified, using /tmp.
ddr3_dimm_micron_sim.ddr3_dimm.U2.file_io_open: at time 0.0 ps WARNING: no +model_data option specified, using /tmp.
ddr3_dimm_micron_sim.ddr3_dimm.U3.file_io_open: at time 0.0 ps WARNING: no +model_data option specified, using /tmp.
ddr3_dimm_micron_sim.ddr3_dimm.U4.file_io_open: at time 0.0 ps WARNING: no +model_data option specified, using /tmp.
ddr3_dimm_micron_sim.ddr3_dimm.U6.file_io_open: at time 0.0 ps WARNING: no +model_data option specified, using /tmp.
ddr3_dimm_micron_sim.ddr3_dimm.U7.file_io_open: at time 0.0 ps WARNING: no +model_data option specified, using /tmp.
ddr3_dimm_micron_sim.ddr3_dimm.U8.file_io_open: at time 0.0 ps WARNING: no +model_data option specified, using /tmp.
ddr3_dimm_micron_sim.ddr3_dimm.U9.file_io_open: at time 0.0 ps WARNING: no +model_data option specified, using /tmp.
[x ps] MRS -> [ 7500 ps] MRS -> ddr3_dimm_micron_sim.ddr3_dimm.U1.reset at time 304199.0 ps WARNING: 200 us is required before RST_N goes inactive.
ddr3_dimm_micron_sim.ddr3_dimm.U2.reset at time 304199.0 ps WARNING: 200 us is required before RST_N goes inactive.
ddr3_dimm_micron_sim.ddr3_dimm.U3.reset at time 304199.0 ps WARNING: 200 us is required before RST_N goes inactive.
ddr3_dimm_micron_sim.ddr3_dimm.U4.reset at time 304199.0 ps WARNING: 200 us is required before RST_N goes inactive.
ddr3_dimm_micron_sim.ddr3_dimm.U6.reset at time 304199.0 ps WARNING: 200 us is required before RST_N goes inactive.
ddr3_dimm_micron_sim.ddr3_dimm.U7.reset at time 304199.0 ps WARNING: 200 us is required before RST_N goes inactive.
ddr3_dimm_micron_sim.ddr3_dimm.U8.reset at time 304199.0 ps WARNING: 200 us is required before RST_N goes inactive.
ddr3_dimm_micron_sim.ddr3_dimm.U9.reset at time 304199.0 ps WARNING: 200 us is required before RST_N goes inactive.
[195000 ps] NOP -> [510000 ps] NOP -> ddr3_dimm_micron_sim.ddr3_dimm.U1.cmd_task at time 815475.0 ps WARNING: 500 us is required after RST_N goes inactive before CKE goes active.
ddr3_dimm_micron_sim.ddr3_dimm.U2.cmd_task at time 815475.0 ps WARNING: 500 us is required after RST_N goes inactive before CKE goes active.
ddr3_dimm_micron_sim.ddr3_dimm.U3.cmd_task at time 815475.0 ps WARNING: 500 us is required after RST_N goes inactive before CKE goes active.
ddr3_dimm_micron_sim.ddr3_dimm.U4.cmd_task at time 815475.0 ps WARNING: 500 us is required after RST_N goes inactive before CKE goes active.
ddr3_dimm_micron_sim.ddr3_dimm.U6.cmd_task at time 815475.0 ps WARNING: 500 us is required after RST_N goes inactive before CKE goes active.
ddr3_dimm_micron_sim.ddr3_dimm.U7.cmd_task at time 815475.0 ps WARNING: 500 us is required after RST_N goes inactive before CKE goes active.
ddr3_dimm_micron_sim.ddr3_dimm.U8.cmd_task at time 815475.0 ps WARNING: 500 us is required after RST_N goes inactive before CKE goes active.
ddr3_dimm_micron_sim.ddr3_dimm.U9.cmd_task at time 815475.0 ps WARNING: 500 us is required after RST_N goes inactive before CKE goes active.
[370000 ps] MRS -> 
ddr3_dimm_micron_sim.ddr3_dimm.U1.cmd_task: at time 1187975.0 ps WARNING: Load Mode 2 Auto Self Refresh is not modeled
ddr3_dimm_micron_sim.ddr3_dimm.U2.cmd_task: at time 1187975.0 ps WARNING: Load Mode 2 Auto Self Refresh is not modeled
ddr3_dimm_micron_sim.ddr3_dimm.U3.cmd_task: at time 1187975.0 ps WARNING: Load Mode 2 Auto Self Refresh is not modeled
ddr3_dimm_micron_sim.ddr3_dimm.U4.cmd_task: at time 1187975.0 ps WARNING: Load Mode 2 Auto Self Refresh is not modeled
ddr3_dimm_micron_sim.ddr3_dimm.U6.cmd_task: at time 1187975.0 ps WARNING: Load Mode 2 Auto Self Refresh is not modeled
ddr3_dimm_micron_sim.ddr3_dimm.U7.cmd_task: at time 1187975.0 ps WARNING: Load Mode 2 Auto Self Refresh is not modeled
ddr3_dimm_micron_sim.ddr3_dimm.U8.cmd_task: at time 1187975.0 ps WARNING: Load Mode 2 Auto Self Refresh is not modeled
ddr3_dimm_micron_sim.ddr3_dimm.U9.cmd_task: at time 1187975.0 ps WARNING: Load Mode 2 Auto Self Refresh is not modeled
[10000 ps] MRS -> [10000 ps] MRS -> [10000 ps] MRS -> [10000 ps] NOP -> [40000 ps] ZQC -> 
[1290000 ps] PRE @ (0) -> [30000 ps] MRS -> [10000 ps] NOP -> [40000 ps] NOP -> [262500 ps]  RD @ (0,     0) -> 
[140000 ps]  RD @ (0,     0) -> [140000 ps]  RD @ (0,     0) -> [150000 ps]  RD @ (0,     0) -> [140000 ps]  RD @ (0,     0) -> [150000 ps]  RD @ (0,     0) -> 
[140000 ps]  RD @ (0,     0) -> [150000 ps]  RD @ (0,     0) -> [140000 ps]  RD @ (0,     0) -> [150000 ps]  RD @ (0,     0) -> [140000 ps]  RD @ (0,     0) -> 
[150000 ps]  RD @ (0,     0) -> [140000 ps]  RD @ (0,     0) -> [150000 ps]  RD @ (0,     0) -> [140000 ps]  RD @ (0,     0) -> [150000 ps]  RD @ (0,     0) -> 
[140000 ps]  RD @ (0,     0) -> [150000 ps]  RD @ (0,     0) -> [140000 ps]  RD @ (0,     0) -> [150000 ps]  RD @ (0,     0) -> [140000 ps]  RD @ (0,     0) -> 
[150000 ps]  RD @ (0,     0) -> [140000 ps]  RD @ (0,     0) -> [150000 ps]  RD @ (0,     0) -> [150000 ps]  RD @ (0,     0) -> [150000 ps]  RD @ (0,     0) -> 
[580000 ps]  RD @ (0,     0) -> [140000 ps]  RD @ (0,     0) -> [140000 ps]  RD @ (0,     0) -> [150000 ps]  RD @ (0,     0) -> [140000 ps]  RD @ (0,     0) -> 
[150000 ps]  RD @ (0,     0) -> [140000 ps]  RD @ (0,     0) -> [150000 ps]  RD @ (0,     0) -> [140000 ps]  RD @ (0,     0) -> [150000 ps]  RD @ (0,     0) -> 
[140000 ps]  RD @ (0,     0) -> [150000 ps]  RD @ (0,     0) -> [140000 ps]  RD @ (0,     0) -> [150000 ps]  RD @ (0,     0) -> [140000 ps]  RD @ (0,     0) -> 
[150000 ps]  RD @ (0,     0) -> [140000 ps]  RD @ (0,     0) -> [150000 ps]  RD @ (0,     0) -> [140000 ps]  RD @ (0,     0) -> [150000 ps]  RD @ (0,     0) -> 
[140000 ps]  RD @ (0,     0) -> [150000 ps]  RD @ (0,     0) -> [140000 ps]  RD @ (0,     0) -> [150000 ps]  RD @ (0,     0) -> [140000 ps]  RD @ (0,     0) -> 
[150000 ps]  RD @ (0,     0) -> [150000 ps]  RD @ (0,     0) -> [150000 ps]  RD @ (0,     0) -> [580000 ps]  RD @ (0,     0) -> [140000 ps]  RD @ (0,     0) -> 
[140000 ps]  RD @ (0,     0) -> [150000 ps]  RD @ (0,     0) -> [140000 ps]  RD @ (0,     0) -> [150000 ps]  RD @ (0,     0) -> [140000 ps]  RD @ (0,     0) -> 
[150000 ps]  RD @ (0,     0) -> [140000 ps]  RD @ (0,     0) -> [150000 ps]  RD @ (0,     0) -> [140000 ps]  RD @ (0,     0) -> [150000 ps]  RD @ (0,     0) -> 
[140000 ps]  RD @ (0,     0) -> [150000 ps]  RD @ (0,     0) -> [140000 ps]  RD @ (0,     0) -> [150000 ps]  RD @ (0,     0) -> [140000 ps]  RD @ (0,     0) -> 
[150000 ps]  RD @ (0,     0) -> [140000 ps]  RD @ (0,     0) -> [150000 ps]  RD @ (0,     0) -> [140000 ps]  RD @ (0,     0) -> [150000 ps]  RD @ (0,     0) -> 
[140000 ps]  RD @ (0,     0) -> [150000 ps]  RD @ (0,     0) -> [140000 ps]  RD @ (0,     0) -> [150000 ps]  RD @ (0,     0) -> [150000 ps]  RD @ (0,     0) -> 
[150000 ps]  RD @ (0,     0) -> [580000 ps]  RD @ (0,     0) -> [140000 ps]  RD @ (0,     0) -> [140000 ps]  RD @ (0,     0) -> [150000 ps]  RD @ (0,     0) -> 
[140000 ps]  RD @ (0,     0) -> [150000 ps]  RD @ (0,     0) -> 